<?xml version="1.0" encoding="UTF-8"?>
<testng-results ignored="0" total="1" passed="1" failed="0" skipped="0">
  <reporter-output>
  </reporter-output>
  <suite started-at="2025-03-03T19:39:28 IST" name="Default suite" finished-at="2025-03-03T19:39:34 IST" duration-ms="5791">
    <groups>
    </groups>
    <test started-at="2025-03-03T19:39:28 IST" name="Default test" finished-at="2025-03-03T19:39:34 IST" duration-ms="5791">
      <class name="testDD.TC_002LoginTestDD">
        <test-method signature="LoginTest()[pri:0, instance:testDD.TC_002LoginTestDD@2b0f373b]" started-at="2025-03-03T19:39:28 IST" name="LoginTest" finished-at="2025-03-03T19:39:34 IST" duration-ms="5737" status="PASS">
          <reporter-output>
          </reporter-output>
        </test-method> <!-- LoginTest -->
      </class> <!-- testDD.TC_002LoginTestDD -->
    </test> <!-- Default test -->
  </suite> <!-- Default suite -->
</testng-results>
